Copyright 1986-2022 Xilinx, Inc. All Rights Reserved. Copyright 2022-2024 Advanced Micro Devices, Inc. All Rights Reserved.
---------------------------------------------------------------------------------------------------------------------------------------------
| Tool Version : Vivado v.2024.2 (win64) Build 5239630 Fri Nov 08 22:35:27 MST 2024
| Date         : Thu Apr  3 21:05:57 2025
| Host         : PC running 64-bit major release  (build 9200)
| Command      : report_drc -file alchitry_top_drc_routed.rpt -pb alchitry_top_drc_routed.pb -rpx alchitry_top_drc_routed.rpx
| Design       : alchitry_top
| Device       : xc7a35tftg256-1
| Speed File   : -1
| Design State : Fully Routed
---------------------------------------------------------------------------------------------------------------------------------------------

Report DRC

Table of Contents
-----------------
1. REPORT SUMMARY
2. REPORT DETAILS

1. REPORT SUMMARY
-----------------
            Netlist: netlist
          Floorplan: design_1
      Design limits: <entire design considered>
           Ruledeck: default
             Max checks: <unlimited>
             Checks found: 32
+----------+----------+----------------------------+--------+
| Rule     | Severity | Description                | Checks |
+----------+----------+----------------------------+--------+
| PDRC-132 | Warning  | SLICE_PairEqSame_A6A5_WARN | 22     |
| PDRC-140 | Warning  | SLICE_PairEqSame_A6A5_WARN | 9      |
| PDRC-144 | Warning  | SLICE_PairEqSame_C6C5_WARN | 1      |
+----------+----------+----------------------------+--------+

2. REPORT DETAILS
-----------------
PDRC-132#1 Warning
SLICE_PairEqSame_A6A5_WARN  
Luts A6LUT and A5LUT in use in site SLICE_X29Y23 with different equations without A6 pin connected to Global Logic High.
Related violations: <none>

PDRC-132#2 Warning
SLICE_PairEqSame_A6A5_WARN  
Luts A6LUT and A5LUT in use in site SLICE_X31Y15 with different equations without A6 pin connected to Global Logic High.
Related violations: <none>

PDRC-132#3 Warning
SLICE_PairEqSame_A6A5_WARN  
Luts A6LUT and A5LUT in use in site SLICE_X31Y24 with different equations without A6 pin connected to Global Logic High.
Related violations: <none>

PDRC-132#4 Warning
SLICE_PairEqSame_A6A5_WARN  
Luts A6LUT and A5LUT in use in site SLICE_X32Y14 with different equations without A6 pin connected to Global Logic High.
Related violations: <none>

PDRC-132#5 Warning
SLICE_PairEqSame_A6A5_WARN  
Luts A6LUT and A5LUT in use in site SLICE_X33Y12 with different equations without A6 pin connected to Global Logic High.
Related violations: <none>

PDRC-132#6 Warning
SLICE_PairEqSame_A6A5_WARN  
Luts A6LUT and A5LUT in use in site SLICE_X33Y27 with different equations without A6 pin connected to Global Logic High.
Related violations: <none>

PDRC-132#7 Warning
SLICE_PairEqSame_A6A5_WARN  
Luts A6LUT and A5LUT in use in site SLICE_X35Y14 with different equations without A6 pin connected to Global Logic High.
Related violations: <none>

PDRC-132#8 Warning
SLICE_PairEqSame_A6A5_WARN  
Luts A6LUT and A5LUT in use in site SLICE_X36Y13 with different equations without A6 pin connected to Global Logic High.
Related violations: <none>

PDRC-132#9 Warning
SLICE_PairEqSame_A6A5_WARN  
Luts A6LUT and A5LUT in use in site SLICE_X37Y25 with different equations without A6 pin connected to Global Logic High.
Related violations: <none>

PDRC-132#10 Warning
SLICE_PairEqSame_A6A5_WARN  
Luts A6LUT and A5LUT in use in site SLICE_X39Y15 with different equations without A6 pin connected to Global Logic High.
Related violations: <none>

PDRC-132#11 Warning
SLICE_PairEqSame_A6A5_WARN  
Luts A6LUT and A5LUT in use in site SLICE_X39Y27 with different equations without A6 pin connected to Global Logic High.
Related violations: <none>

PDRC-132#12 Warning
SLICE_PairEqSame_A6A5_WARN  
Luts A6LUT and A5LUT in use in site SLICE_X40Y15 with different equations without A6 pin connected to Global Logic High.
Related violations: <none>

PDRC-132#13 Warning
SLICE_PairEqSame_A6A5_WARN  
Luts A6LUT and A5LUT in use in site SLICE_X40Y26 with different equations without A6 pin connected to Global Logic High.
Related violations: <none>

PDRC-132#14 Warning
SLICE_PairEqSame_A6A5_WARN  
Luts A6LUT and A5LUT in use in site SLICE_X41Y11 with different equations without A6 pin connected to Global Logic High.
Related violations: <none>

PDRC-132#15 Warning
SLICE_PairEqSame_A6A5_WARN  
Luts A6LUT and A5LUT in use in site SLICE_X41Y27 with different equations without A6 pin connected to Global Logic High.
Related violations: <none>

PDRC-132#16 Warning
SLICE_PairEqSame_A6A5_WARN  
Luts A6LUT and A5LUT in use in site SLICE_X43Y24 with different equations without A6 pin connected to Global Logic High.
Related violations: <none>

PDRC-132#17 Warning
SLICE_PairEqSame_A6A5_WARN  
Luts A6LUT and A5LUT in use in site SLICE_X44Y17 with different equations without A6 pin connected to Global Logic High.
Related violations: <none>

PDRC-132#18 Warning
SLICE_PairEqSame_A6A5_WARN  
Luts A6LUT and A5LUT in use in site SLICE_X45Y23 with different equations without A6 pin connected to Global Logic High.
Related violations: <none>

PDRC-132#19 Warning
SLICE_PairEqSame_A6A5_WARN  
Luts A6LUT and A5LUT in use in site SLICE_X47Y24 with different equations without A6 pin connected to Global Logic High.
Related violations: <none>

PDRC-132#20 Warning
SLICE_PairEqSame_A6A5_WARN  
Luts A6LUT and A5LUT in use in site SLICE_X48Y24 with different equations without A6 pin connected to Global Logic High.
Related violations: <none>

PDRC-132#21 Warning
SLICE_PairEqSame_A6A5_WARN  
Luts A6LUT and A5LUT in use in site SLICE_X51Y23 with different equations without A6 pin connected to Global Logic High.
Related violations: <none>

PDRC-132#22 Warning
SLICE_PairEqSame_A6A5_WARN  
Luts A6LUT and A5LUT in use in site SLICE_X53Y23 with different equations without A6 pin connected to Global Logic High.
Related violations: <none>

PDRC-140#1 Warning
SLICE_PairEqSame_A6A5_WARN  
Luts A6LUT and A5LUT in use in site SLICE_X30Y12 with different equations without A6 pin connected to Global Logic High.
Related violations: <none>

PDRC-140#2 Warning
SLICE_PairEqSame_A6A5_WARN  
Luts A6LUT and A5LUT in use in site SLICE_X30Y24 with different equations without A6 pin connected to Global Logic High.
Related violations: <none>

PDRC-140#3 Warning
SLICE_PairEqSame_A6A5_WARN  
Luts A6LUT and A5LUT in use in site SLICE_X34Y25 with different equations without A6 pin connected to Global Logic High.
Related violations: <none>

PDRC-140#4 Warning
SLICE_PairEqSame_A6A5_WARN  
Luts A6LUT and A5LUT in use in site SLICE_X38Y11 with different equations without A6 pin connected to Global Logic High.
Related violations: <none>

PDRC-140#5 Warning
SLICE_PairEqSame_A6A5_WARN  
Luts A6LUT and A5LUT in use in site SLICE_X38Y27 with different equations without A6 pin connected to Global Logic High.
Related violations: <none>

PDRC-140#6 Warning
SLICE_PairEqSame_A6A5_WARN  
Luts A6LUT and A5LUT in use in site SLICE_X42Y19 with different equations without A6 pin connected to Global Logic High.
Related violations: <none>

PDRC-140#7 Warning
SLICE_PairEqSame_A6A5_WARN  
Luts A6LUT and A5LUT in use in site SLICE_X46Y17 with different equations without A6 pin connected to Global Logic High.
Related violations: <none>

PDRC-140#8 Warning
SLICE_PairEqSame_A6A5_WARN  
Luts A6LUT and A5LUT in use in site SLICE_X50Y26 with different equations without A6 pin connected to Global Logic High.
Related violations: <none>

PDRC-140#9 Warning
SLICE_PairEqSame_A6A5_WARN  
Luts A6LUT and A5LUT in use in site SLICE_X52Y24 with different equations without A6 pin connected to Global Logic High.
Related violations: <none>

PDRC-144#1 Warning
SLICE_PairEqSame_C6C5_WARN  
Luts C6LUT and C5LUT in use in site SLICE_X42Y27 with different equations without A6 pin connected to Global Logic High.
Related violations: <none>


