
*** Running vivado
    with args -log alchitry_top.vds -m64 -product Vivado -mode batch -messageDb vivado.pb -notrace -source alchitry_top.tcl



****** Vivado v2024.2 (64-bit)
  **** SW Build 5239630 on Fri Nov 08 22:35:27 MST 2024
  **** IP Build 5239520 on Sun Nov 10 16:12:51 MST 2024
  **** SharedData Build 5239561 on Fri Nov 08 14:39:27 MST 2024
  **** Start of session at: Fri Apr 11 03:41:23 2025
    ** Copyright 1986-2022 Xilinx, Inc. All Rights Reserved.
    ** Copyright 2022-2024 Advanced Micro Devices, Inc. All Rights Reserved.

source alchitry_top.tcl -notrace
Command: synth_design -top alchitry_top -part xc7a35tftg256-1
Starting synth_design
Attempting to get a license for feature 'Synthesis' and/or device 'xc7a35t'
INFO: [Common 17-349] Got license for feature 'Synthesis' and/or device 'xc7a35t'
INFO: [Device 21-403] Loading part xc7a35tftg256-1
INFO: [Synth 8-7079] Multithreading enabled for synth_design using a maximum of 2 processes.
INFO: [Synth 8-7078] Launching helper process for spawning children vivado processes
INFO: [Synth 8-7075] Helper process launched with PID 55244
---------------------------------------------------------------------------------
Starting RTL Elaboration : Time (s): cpu = 00:00:02 ; elapsed = 00:00:03 . Memory (MB): peak = 948.238 ; gain = 464.949
---------------------------------------------------------------------------------
INFO: [Synth 8-6157] synthesizing module 'alchitry_top' [C:/Users/yourmum/Downloads/fpga-pain/fpga-pain/build/vivado/blank.srcs/sources_1/imports/source/alchitry_top.sv:7]
INFO: [Synth 8-6157] synthesizing module 'button_conditioner' [C:/Users/yourmum/Downloads/fpga-pain/fpga-pain/build/vivado/blank.srcs/sources_1/imports/source/button_conditioner.sv:7]
	Parameter CLK_FREQ bound to: 24'b100110001001011010000000 
	Parameter MIN_DELAY bound to: 8'b11001000 
	Parameter NUM_SYNC bound to: 2'b11 
INFO: [Synth 8-6157] synthesizing module 'pipeline' [C:/Users/yourmum/Downloads/fpga-pain/fpga-pain/build/vivado/blank.srcs/sources_1/imports/source/pipeline.sv:7]
	Parameter DEPTH bound to: 2'b11 
INFO: [Synth 8-6155] done synthesizing module 'pipeline' (0#1) [C:/Users/yourmum/Downloads/fpga-pain/fpga-pain/build/vivado/blank.srcs/sources_1/imports/source/pipeline.sv:7]
INFO: [Synth 8-6155] done synthesizing module 'button_conditioner' (0#1) [C:/Users/yourmum/Downloads/fpga-pain/fpga-pain/build/vivado/blank.srcs/sources_1/imports/source/button_conditioner.sv:7]
INFO: [Synth 8-6157] synthesizing module 'alu' [C:/Users/yourmum/Downloads/fpga-pain/fpga-pain/build/vivado/blank.srcs/sources_1/imports/source/alu.sv:7]
	Parameter SIZE bound to: 6'b100000 
INFO: [Synth 8-6157] synthesizing module 'adder' [C:/Users/yourmum/Downloads/fpga-pain/fpga-pain/build/vivado/blank.srcs/sources_1/imports/source/adder.sv:7]
	Parameter SIZE bound to: 6'b100000 
INFO: [Synth 8-6157] synthesizing module 'rca' [C:/Users/yourmum/Downloads/fpga-pain/fpga-pain/build/vivado/blank.srcs/sources_1/imports/source/rca.sv:7]
	Parameter SIZE bound to: 6'b100000 
INFO: [Synth 8-6157] synthesizing module 'fa' [C:/Users/yourmum/Downloads/fpga-pain/fpga-pain/build/vivado/blank.srcs/sources_1/imports/source/fa.sv:7]
INFO: [Synth 8-6155] done synthesizing module 'fa' (0#1) [C:/Users/yourmum/Downloads/fpga-pain/fpga-pain/build/vivado/blank.srcs/sources_1/imports/source/fa.sv:7]
INFO: [Synth 8-6155] done synthesizing module 'rca' (0#1) [C:/Users/yourmum/Downloads/fpga-pain/fpga-pain/build/vivado/blank.srcs/sources_1/imports/source/rca.sv:7]
INFO: [Synth 8-6155] done synthesizing module 'adder' (0#1) [C:/Users/yourmum/Downloads/fpga-pain/fpga-pain/build/vivado/blank.srcs/sources_1/imports/source/adder.sv:7]
INFO: [Synth 8-6157] synthesizing module 'compare' [C:/Users/yourmum/Downloads/fpga-pain/fpga-pain/build/vivado/blank.srcs/sources_1/imports/source/compare.sv:7]
INFO: [Synth 8-6155] done synthesizing module 'compare' (0#1) [C:/Users/yourmum/Downloads/fpga-pain/fpga-pain/build/vivado/blank.srcs/sources_1/imports/source/compare.sv:7]
INFO: [Synth 8-6157] synthesizing module 'boolean' [C:/Users/yourmum/Downloads/fpga-pain/fpga-pain/build/vivado/blank.srcs/sources_1/imports/source/boolean.sv:7]
	Parameter SIZE bound to: 6'b100000 
INFO: [Synth 8-6155] done synthesizing module 'boolean' (0#1) [C:/Users/yourmum/Downloads/fpga-pain/fpga-pain/build/vivado/blank.srcs/sources_1/imports/source/boolean.sv:7]
INFO: [Synth 8-6157] synthesizing module 'shifter' [C:/Users/yourmum/Downloads/fpga-pain/fpga-pain/build/vivado/blank.srcs/sources_1/imports/source/shifter.sv:7]
INFO: [Synth 8-6157] synthesizing module 'x_bit_left_shifter' [C:/Users/yourmum/Downloads/fpga-pain/fpga-pain/build/vivado/blank.srcs/sources_1/imports/source/x_bit_left_shifter.sv:7]
	Parameter SHIFT bound to: 5'b00001 
INFO: [Synth 8-6157] synthesizing module 'mux_2' [C:/Users/yourmum/Downloads/fpga-pain/fpga-pain/build/vivado/blank.srcs/sources_1/imports/source/mux_2.sv:7]
INFO: [Synth 8-226] default block is never used [C:/Users/yourmum/Downloads/fpga-pain/fpga-pain/build/vivado/blank.srcs/sources_1/imports/source/mux_2.sv:14]
INFO: [Synth 8-6155] done synthesizing module 'mux_2' (0#1) [C:/Users/yourmum/Downloads/fpga-pain/fpga-pain/build/vivado/blank.srcs/sources_1/imports/source/mux_2.sv:7]
INFO: [Synth 8-6155] done synthesizing module 'x_bit_left_shifter' (0#1) [C:/Users/yourmum/Downloads/fpga-pain/fpga-pain/build/vivado/blank.srcs/sources_1/imports/source/x_bit_left_shifter.sv:7]
INFO: [Synth 8-6157] synthesizing module 'x_bit_left_shifter__parameterized0' [C:/Users/yourmum/Downloads/fpga-pain/fpga-pain/build/vivado/blank.srcs/sources_1/imports/source/x_bit_left_shifter.sv:7]
	Parameter SHIFT bound to: 5'b00010 
INFO: [Synth 8-6155] done synthesizing module 'x_bit_left_shifter__parameterized0' (0#1) [C:/Users/yourmum/Downloads/fpga-pain/fpga-pain/build/vivado/blank.srcs/sources_1/imports/source/x_bit_left_shifter.sv:7]
INFO: [Synth 8-6157] synthesizing module 'x_bit_left_shifter__parameterized1' [C:/Users/yourmum/Downloads/fpga-pain/fpga-pain/build/vivado/blank.srcs/sources_1/imports/source/x_bit_left_shifter.sv:7]
	Parameter SHIFT bound to: 5'b00100 
INFO: [Synth 8-6155] done synthesizing module 'x_bit_left_shifter__parameterized1' (0#1) [C:/Users/yourmum/Downloads/fpga-pain/fpga-pain/build/vivado/blank.srcs/sources_1/imports/source/x_bit_left_shifter.sv:7]
INFO: [Synth 8-6157] synthesizing module 'x_bit_left_shifter__parameterized2' [C:/Users/yourmum/Downloads/fpga-pain/fpga-pain/build/vivado/blank.srcs/sources_1/imports/source/x_bit_left_shifter.sv:7]
	Parameter SHIFT bound to: 5'b01000 
INFO: [Synth 8-6155] done synthesizing module 'x_bit_left_shifter__parameterized2' (0#1) [C:/Users/yourmum/Downloads/fpga-pain/fpga-pain/build/vivado/blank.srcs/sources_1/imports/source/x_bit_left_shifter.sv:7]
INFO: [Synth 8-6157] synthesizing module 'x_bit_left_shifter__parameterized3' [C:/Users/yourmum/Downloads/fpga-pain/fpga-pain/build/vivado/blank.srcs/sources_1/imports/source/x_bit_left_shifter.sv:7]
	Parameter SHIFT bound to: 5'b10000 
INFO: [Synth 8-6155] done synthesizing module 'x_bit_left_shifter__parameterized3' (0#1) [C:/Users/yourmum/Downloads/fpga-pain/fpga-pain/build/vivado/blank.srcs/sources_1/imports/source/x_bit_left_shifter.sv:7]
INFO: [Synth 8-6157] synthesizing module 'x_bit_right_shifter' [C:/Users/yourmum/Downloads/fpga-pain/fpga-pain/build/vivado/blank.srcs/sources_1/imports/source/x_bit_right_shifter.sv:7]
	Parameter SHIFT bound to: 5'b00001 
INFO: [Synth 8-6155] done synthesizing module 'x_bit_right_shifter' (0#1) [C:/Users/yourmum/Downloads/fpga-pain/fpga-pain/build/vivado/blank.srcs/sources_1/imports/source/x_bit_right_shifter.sv:7]
INFO: [Synth 8-6157] synthesizing module 'x_bit_right_shifter__parameterized0' [C:/Users/yourmum/Downloads/fpga-pain/fpga-pain/build/vivado/blank.srcs/sources_1/imports/source/x_bit_right_shifter.sv:7]
	Parameter SHIFT bound to: 5'b00010 
INFO: [Synth 8-6155] done synthesizing module 'x_bit_right_shifter__parameterized0' (0#1) [C:/Users/yourmum/Downloads/fpga-pain/fpga-pain/build/vivado/blank.srcs/sources_1/imports/source/x_bit_right_shifter.sv:7]
INFO: [Synth 8-6157] synthesizing module 'x_bit_right_shifter__parameterized1' [C:/Users/yourmum/Downloads/fpga-pain/fpga-pain/build/vivado/blank.srcs/sources_1/imports/source/x_bit_right_shifter.sv:7]
	Parameter SHIFT bound to: 5'b00100 
INFO: [Synth 8-6155] done synthesizing module 'x_bit_right_shifter__parameterized1' (0#1) [C:/Users/yourmum/Downloads/fpga-pain/fpga-pain/build/vivado/blank.srcs/sources_1/imports/source/x_bit_right_shifter.sv:7]
INFO: [Synth 8-6157] synthesizing module 'x_bit_right_shifter__parameterized2' [C:/Users/yourmum/Downloads/fpga-pain/fpga-pain/build/vivado/blank.srcs/sources_1/imports/source/x_bit_right_shifter.sv:7]
	Parameter SHIFT bound to: 5'b01000 
INFO: [Synth 8-6155] done synthesizing module 'x_bit_right_shifter__parameterized2' (0#1) [C:/Users/yourmum/Downloads/fpga-pain/fpga-pain/build/vivado/blank.srcs/sources_1/imports/source/x_bit_right_shifter.sv:7]
INFO: [Synth 8-6157] synthesizing module 'x_bit_right_shifter__parameterized3' [C:/Users/yourmum/Downloads/fpga-pain/fpga-pain/build/vivado/blank.srcs/sources_1/imports/source/x_bit_right_shifter.sv:7]
	Parameter SHIFT bound to: 5'b10000 
INFO: [Synth 8-6155] done synthesizing module 'x_bit_right_shifter__parameterized3' (0#1) [C:/Users/yourmum/Downloads/fpga-pain/fpga-pain/build/vivado/blank.srcs/sources_1/imports/source/x_bit_right_shifter.sv:7]
INFO: [Synth 8-6157] synthesizing module 'x_bit_right_ari_shifter' [C:/Users/yourmum/Downloads/fpga-pain/fpga-pain/build/vivado/blank.srcs/sources_1/imports/source/x_bit_right_ari_shifter.sv:7]
	Parameter SHIFT bound to: 5'b00001 
INFO: [Synth 8-6155] done synthesizing module 'x_bit_right_ari_shifter' (0#1) [C:/Users/yourmum/Downloads/fpga-pain/fpga-pain/build/vivado/blank.srcs/sources_1/imports/source/x_bit_right_ari_shifter.sv:7]
INFO: [Synth 8-6157] synthesizing module 'x_bit_right_ari_shifter__parameterized0' [C:/Users/yourmum/Downloads/fpga-pain/fpga-pain/build/vivado/blank.srcs/sources_1/imports/source/x_bit_right_ari_shifter.sv:7]
	Parameter SHIFT bound to: 5'b00010 
INFO: [Synth 8-6155] done synthesizing module 'x_bit_right_ari_shifter__parameterized0' (0#1) [C:/Users/yourmum/Downloads/fpga-pain/fpga-pain/build/vivado/blank.srcs/sources_1/imports/source/x_bit_right_ari_shifter.sv:7]
INFO: [Synth 8-6157] synthesizing module 'x_bit_right_ari_shifter__parameterized1' [C:/Users/yourmum/Downloads/fpga-pain/fpga-pain/build/vivado/blank.srcs/sources_1/imports/source/x_bit_right_ari_shifter.sv:7]
	Parameter SHIFT bound to: 5'b00100 
INFO: [Synth 8-6155] done synthesizing module 'x_bit_right_ari_shifter__parameterized1' (0#1) [C:/Users/yourmum/Downloads/fpga-pain/fpga-pain/build/vivado/blank.srcs/sources_1/imports/source/x_bit_right_ari_shifter.sv:7]
INFO: [Synth 8-6157] synthesizing module 'x_bit_right_ari_shifter__parameterized2' [C:/Users/yourmum/Downloads/fpga-pain/fpga-pain/build/vivado/blank.srcs/sources_1/imports/source/x_bit_right_ari_shifter.sv:7]
	Parameter SHIFT bound to: 5'b01000 
INFO: [Synth 8-6155] done synthesizing module 'x_bit_right_ari_shifter__parameterized2' (0#1) [C:/Users/yourmum/Downloads/fpga-pain/fpga-pain/build/vivado/blank.srcs/sources_1/imports/source/x_bit_right_ari_shifter.sv:7]
INFO: [Synth 8-6157] synthesizing module 'x_bit_right_ari_shifter__parameterized3' [C:/Users/yourmum/Downloads/fpga-pain/fpga-pain/build/vivado/blank.srcs/sources_1/imports/source/x_bit_right_ari_shifter.sv:7]
	Parameter SHIFT bound to: 5'b10000 
INFO: [Synth 8-6155] done synthesizing module 'x_bit_right_ari_shifter__parameterized3' (0#1) [C:/Users/yourmum/Downloads/fpga-pain/fpga-pain/build/vivado/blank.srcs/sources_1/imports/source/x_bit_right_ari_shifter.sv:7]
INFO: [Synth 8-6155] done synthesizing module 'shifter' (0#1) [C:/Users/yourmum/Downloads/fpga-pain/fpga-pain/build/vivado/blank.srcs/sources_1/imports/source/shifter.sv:7]
INFO: [Synth 8-6157] synthesizing module 'multiplier' [C:/Users/yourmum/Downloads/fpga-pain/fpga-pain/build/vivado/blank.srcs/sources_1/imports/source/multiplier.sv:7]
INFO: [Synth 8-6155] done synthesizing module 'multiplier' (0#1) [C:/Users/yourmum/Downloads/fpga-pain/fpga-pain/build/vivado/blank.srcs/sources_1/imports/source/multiplier.sv:7]
INFO: [Synth 8-6157] synthesizing module 'divider' [C:/Users/yourmum/Downloads/fpga-pain/fpga-pain/build/vivado/blank.srcs/sources_1/imports/source/divider.sv:7]
INFO: [Synth 8-6155] done synthesizing module 'divider' (0#1) [C:/Users/yourmum/Downloads/fpga-pain/fpga-pain/build/vivado/blank.srcs/sources_1/imports/source/divider.sv:7]
INFO: [Synth 8-226] default block is never used [C:/Users/yourmum/Downloads/fpga-pain/fpga-pain/build/vivado/blank.srcs/sources_1/imports/source/alu.sv:137]
INFO: [Synth 8-155] case statement is not full and has no default [C:/Users/yourmum/Downloads/fpga-pain/fpga-pain/build/vivado/blank.srcs/sources_1/imports/source/alu.sv:174]
INFO: [Synth 8-6155] done synthesizing module 'alu' (0#1) [C:/Users/yourmum/Downloads/fpga-pain/fpga-pain/build/vivado/blank.srcs/sources_1/imports/source/alu.sv:7]
INFO: [Synth 8-6157] synthesizing module 'reset_conditioner' [C:/Users/yourmum/Downloads/fpga-pain/fpga-pain/build/vivado/blank.srcs/sources_1/imports/source/reset_conditioner.sv:7]
	Parameter STAGES bound to: 3'b100 
INFO: [Synth 8-6155] done synthesizing module 'reset_conditioner' (0#1) [C:/Users/yourmum/Downloads/fpga-pain/fpga-pain/build/vivado/blank.srcs/sources_1/imports/source/reset_conditioner.sv:7]
INFO: [Synth 8-6157] synthesizing module 'button_conditioner__parameterized0' [C:/Users/yourmum/Downloads/fpga-pain/fpga-pain/build/vivado/blank.srcs/sources_1/imports/source/button_conditioner.sv:7]
	Parameter CLK_FREQ bound to: 24'b100110001001011010000000 
	Parameter MIN_DELAY bound to: 5'b10100 
	Parameter NUM_SYNC bound to: 2'b10 
INFO: [Synth 8-6157] synthesizing module 'pipeline__parameterized0' [C:/Users/yourmum/Downloads/fpga-pain/fpga-pain/build/vivado/blank.srcs/sources_1/imports/source/pipeline.sv:7]
	Parameter DEPTH bound to: 2'b10 
INFO: [Synth 8-6155] done synthesizing module 'pipeline__parameterized0' (0#1) [C:/Users/yourmum/Downloads/fpga-pain/fpga-pain/build/vivado/blank.srcs/sources_1/imports/source/pipeline.sv:7]
INFO: [Synth 8-6155] done synthesizing module 'button_conditioner__parameterized0' (0#1) [C:/Users/yourmum/Downloads/fpga-pain/fpga-pain/build/vivado/blank.srcs/sources_1/imports/source/button_conditioner.sv:7]
INFO: [Synth 8-6157] synthesizing module 'edge_detector' [C:/Users/yourmum/Downloads/fpga-pain/fpga-pain/build/vivado/blank.srcs/sources_1/imports/source/edge_detector.sv:7]
	Parameter RISE bound to: 1'b1 
	Parameter FALL bound to: 1'b0 
INFO: [Synth 8-6155] done synthesizing module 'edge_detector' (0#1) [C:/Users/yourmum/Downloads/fpga-pain/fpga-pain/build/vivado/blank.srcs/sources_1/imports/source/edge_detector.sv:7]
INFO: [Synth 8-6157] synthesizing module 'edge_detector__parameterized0' [C:/Users/yourmum/Downloads/fpga-pain/fpga-pain/build/vivado/blank.srcs/sources_1/imports/source/edge_detector.sv:7]
	Parameter RISE bound to: 1'b0 
	Parameter FALL bound to: 1'b1 
INFO: [Synth 8-6155] done synthesizing module 'edge_detector__parameterized0' (0#1) [C:/Users/yourmum/Downloads/fpga-pain/fpga-pain/build/vivado/blank.srcs/sources_1/imports/source/edge_detector.sv:7]
INFO: [Synth 8-6157] synthesizing module 'display_driver' [C:/Users/yourmum/Downloads/fpga-pain/fpga-pain/build/vivado/blank.srcs/sources_1/imports/source/display_driver.sv:7]
	Parameter ADDRESS_SIZE bound to: 3'b101 
	Parameter MATRIX_WIDTH bound to: 7'b1000000 
	Parameter CLK_FREQ bound to: 24'b100110001001011010000000 
INFO: [Synth 8-226] default block is never used [C:/Users/yourmum/Downloads/fpga-pain/fpga-pain/build/vivado/blank.srcs/sources_1/imports/source/display_driver.sv:66]
INFO: [Synth 8-6155] done synthesizing module 'display_driver' (0#1) [C:/Users/yourmum/Downloads/fpga-pain/fpga-pain/build/vivado/blank.srcs/sources_1/imports/source/display_driver.sv:7]
INFO: [Synth 8-6157] synthesizing module 'counter' [C:/Users/yourmum/Downloads/fpga-pain/fpga-pain/build/vivado/blank.srcs/sources_1/imports/source/counter.sv:7]
	Parameter SIZE bound to: 5'b11000 
	Parameter DIV bound to: 1'b0 
	Parameter TOP bound to: 24'b100110001001011010000000 
	Parameter UP bound to: 1'b1 
INFO: [Synth 8-6155] done synthesizing module 'counter' (0#1) [C:/Users/yourmum/Downloads/fpga-pain/fpga-pain/build/vivado/blank.srcs/sources_1/imports/source/counter.sv:7]
INFO: [Synth 8-6157] synthesizing module 'fsm' [C:/Users/yourmum/Downloads/fpga-pain/fpga-pain/build/vivado/blank.srcs/sources_1/imports/source/fsm.sv:7]
INFO: [Synth 8-155] case statement is not full and has no default [C:/Users/yourmum/Downloads/fpga-pain/fpga-pain/build/vivado/blank.srcs/sources_1/imports/source/fsm.sv:1887]
INFO: [Synth 8-155] case statement is not full and has no default [C:/Users/yourmum/Downloads/fpga-pain/fpga-pain/build/vivado/blank.srcs/sources_1/imports/source/fsm.sv:1925]
INFO: [Synth 8-155] case statement is not full and has no default [C:/Users/yourmum/Downloads/fpga-pain/fpga-pain/build/vivado/blank.srcs/sources_1/imports/source/fsm.sv:1963]
INFO: [Synth 8-155] case statement is not full and has no default [C:/Users/yourmum/Downloads/fpga-pain/fpga-pain/build/vivado/blank.srcs/sources_1/imports/source/fsm.sv:2001]
INFO: [Synth 8-155] case statement is not full and has no default [C:/Users/yourmum/Downloads/fpga-pain/fpga-pain/build/vivado/blank.srcs/sources_1/imports/source/fsm.sv:2046]
INFO: [Synth 8-155] case statement is not full and has no default [C:/Users/yourmum/Downloads/fpga-pain/fpga-pain/build/vivado/blank.srcs/sources_1/imports/source/fsm.sv:2084]
INFO: [Synth 8-155] case statement is not full and has no default [C:/Users/yourmum/Downloads/fpga-pain/fpga-pain/build/vivado/blank.srcs/sources_1/imports/source/fsm.sv:2122]
INFO: [Synth 8-155] case statement is not full and has no default [C:/Users/yourmum/Downloads/fpga-pain/fpga-pain/build/vivado/blank.srcs/sources_1/imports/source/fsm.sv:2160]
INFO: [Synth 8-155] case statement is not full and has no default [C:/Users/yourmum/Downloads/fpga-pain/fpga-pain/build/vivado/blank.srcs/sources_1/imports/source/fsm.sv:2212]
INFO: [Synth 8-155] case statement is not full and has no default [C:/Users/yourmum/Downloads/fpga-pain/fpga-pain/build/vivado/blank.srcs/sources_1/imports/source/fsm.sv:2232]
INFO: [Synth 8-155] case statement is not full and has no default [C:/Users/yourmum/Downloads/fpga-pain/fpga-pain/build/vivado/blank.srcs/sources_1/imports/source/fsm.sv:2248]
INFO: [Synth 8-155] case statement is not full and has no default [C:/Users/yourmum/Downloads/fpga-pain/fpga-pain/build/vivado/blank.srcs/sources_1/imports/source/fsm.sv:2264]
INFO: [Synth 8-155] case statement is not full and has no default [C:/Users/yourmum/Downloads/fpga-pain/fpga-pain/build/vivado/blank.srcs/sources_1/imports/source/fsm.sv:2303]
INFO: [Synth 8-155] case statement is not full and has no default [C:/Users/yourmum/Downloads/fpga-pain/fpga-pain/build/vivado/blank.srcs/sources_1/imports/source/fsm.sv:2319]
INFO: [Synth 8-155] case statement is not full and has no default [C:/Users/yourmum/Downloads/fpga-pain/fpga-pain/build/vivado/blank.srcs/sources_1/imports/source/fsm.sv:2335]
INFO: [Synth 8-155] case statement is not full and has no default [C:/Users/yourmum/Downloads/fpga-pain/fpga-pain/build/vivado/blank.srcs/sources_1/imports/source/fsm.sv:2363]
INFO: [Synth 8-155] case statement is not full and has no default [C:/Users/yourmum/Downloads/fpga-pain/fpga-pain/build/vivado/blank.srcs/sources_1/imports/source/fsm.sv:2379]
INFO: [Synth 8-155] case statement is not full and has no default [C:/Users/yourmum/Downloads/fpga-pain/fpga-pain/build/vivado/blank.srcs/sources_1/imports/source/fsm.sv:2455]
INFO: [Synth 8-155] case statement is not full and has no default [C:/Users/yourmum/Downloads/fpga-pain/fpga-pain/build/vivado/blank.srcs/sources_1/imports/source/fsm.sv:347]
INFO: [Synth 8-6155] done synthesizing module 'fsm' (0#1) [C:/Users/yourmum/Downloads/fpga-pain/fpga-pain/build/vivado/blank.srcs/sources_1/imports/source/fsm.sv:7]
INFO: [Synth 8-6157] synthesizing module 'bram' [C:/Users/yourmum/Downloads/fpga-pain/fpga-pain/build/vivado/blank.srcs/sources_1/imports/source/bram.sv:7]
	Parameter WIDTH bound to: 2'b10 
	Parameter ENTRIES bound to: 13'b1000010000000 
INFO: [Synth 8-6157] synthesizing module 'simple_ram' [C:/Users/yourmum/Downloads/fpga-pain/fpga-pain/build/vivado/blank.srcs/sources_1/imports/source/simple_ram.v:50]
	Parameter WIDTH bound to: 2'b10 
	Parameter ENTRIES bound to: 13'b1000010000000 
INFO: [Synth 8-6155] done synthesizing module 'simple_ram' (0#1) [C:/Users/yourmum/Downloads/fpga-pain/fpga-pain/build/vivado/blank.srcs/sources_1/imports/source/simple_ram.v:50]
INFO: [Synth 8-155] case statement is not full and has no default [C:/Users/yourmum/Downloads/fpga-pain/fpga-pain/build/vivado/blank.srcs/sources_1/imports/source/bram.sv:66]
INFO: [Synth 8-6155] done synthesizing module 'bram' (0#1) [C:/Users/yourmum/Downloads/fpga-pain/fpga-pain/build/vivado/blank.srcs/sources_1/imports/source/bram.sv:7]
INFO: [Synth 8-6157] synthesizing module 'regfile' [C:/Users/yourmum/Downloads/fpga-pain/fpga-pain/build/vivado/blank.srcs/sources_1/imports/source/regfile.sv:7]
	Parameter WIDTH bound to: 6'b100000 
	Parameter ENTRIES bound to: 4'b1000 
INFO: [Synth 8-6155] done synthesizing module 'regfile' (0#1) [C:/Users/yourmum/Downloads/fpga-pain/fpga-pain/build/vivado/blank.srcs/sources_1/imports/source/regfile.sv:7]
INFO: [Synth 8-6157] synthesizing module 'multi_seven_seg' [C:/Users/yourmum/Downloads/fpga-pain/fpga-pain/build/vivado/blank.srcs/sources_1/imports/source/multi_seven_seg.sv:7]
	Parameter DIGITS bound to: 3'b100 
	Parameter DIV bound to: 5'b10000 
INFO: [Synth 8-6157] synthesizing module 'counter__parameterized0' [C:/Users/yourmum/Downloads/fpga-pain/fpga-pain/build/vivado/blank.srcs/sources_1/imports/source/counter.sv:7]
	Parameter SIZE bound to: 2 - type: integer 
	Parameter DIV bound to: 5'b10000 
	Parameter TOP bound to: 3'b011 
	Parameter UP bound to: 1'b1 
INFO: [Synth 8-6155] done synthesizing module 'counter__parameterized0' (0#1) [C:/Users/yourmum/Downloads/fpga-pain/fpga-pain/build/vivado/blank.srcs/sources_1/imports/source/counter.sv:7]
INFO: [Synth 8-6157] synthesizing module 'bin_to_dec' [C:/Users/yourmum/Downloads/fpga-pain/fpga-pain/build/vivado/blank.srcs/sources_1/imports/source/bin_to_dec.sv:7]
	Parameter DIGITS bound to: 3'b100 
	Parameter LEADING_ZEROS bound to: 1'b1 
INFO: [Synth 8-6155] done synthesizing module 'bin_to_dec' (0#1) [C:/Users/yourmum/Downloads/fpga-pain/fpga-pain/build/vivado/blank.srcs/sources_1/imports/source/bin_to_dec.sv:7]
INFO: [Synth 8-6155] done synthesizing module 'multi_seven_seg' (0#1) [C:/Users/yourmum/Downloads/fpga-pain/fpga-pain/build/vivado/blank.srcs/sources_1/imports/source/multi_seven_seg.sv:7]
INFO: [Synth 8-6157] synthesizing module 'counter__parameterized1' [C:/Users/yourmum/Downloads/fpga-pain/fpga-pain/build/vivado/blank.srcs/sources_1/imports/source/counter.sv:7]
	Parameter SIZE bound to: 4'b1101 
	Parameter DIV bound to: 1'b0 
	Parameter TOP bound to: 13'b1000001111111 
	Parameter UP bound to: 1'b1 
INFO: [Synth 8-6155] done synthesizing module 'counter__parameterized1' (0#1) [C:/Users/yourmum/Downloads/fpga-pain/fpga-pain/build/vivado/blank.srcs/sources_1/imports/source/counter.sv:7]
INFO: [Synth 8-6157] synthesizing module 'fifo' [C:/Users/yourmum/Downloads/fpga-pain/fpga-pain/build/vivado/blank.srcs/sources_1/imports/source/fifo.sv:7]
	Parameter WIDTH bound to: 2'b10 
	Parameter ENTRIES bound to: 3'b100 
INFO: [Synth 8-6157] synthesizing module 'simple_dual_port_ram' [C:/Users/yourmum/Downloads/fpga-pain/fpga-pain/build/vivado/blank.srcs/sources_1/imports/source/simple_dual_port_ram.v:47]
	Parameter WIDTH bound to: 2'b10 
	Parameter ENTRIES bound to: 3'b100 
INFO: [Synth 8-6155] done synthesizing module 'simple_dual_port_ram' (0#1) [C:/Users/yourmum/Downloads/fpga-pain/fpga-pain/build/vivado/blank.srcs/sources_1/imports/source/simple_dual_port_ram.v:47]
INFO: [Synth 8-6155] done synthesizing module 'fifo' (0#1) [C:/Users/yourmum/Downloads/fpga-pain/fpga-pain/build/vivado/blank.srcs/sources_1/imports/source/fifo.sv:7]
INFO: [Synth 8-6155] done synthesizing module 'alchitry_top' (0#1) [C:/Users/yourmum/Downloads/fpga-pain/fpga-pain/build/vivado/blank.srcs/sources_1/imports/source/alchitry_top.sv:7]
WARNING: [Synth 8-6014] Unused sequential element D_decrease_timer_q_reg was removed.  [C:/Users/yourmum/Downloads/fpga-pain/fpga-pain/build/vivado/blank.srcs/sources_1/imports/source/fsm.sv:2494]
WARNING: [Synth 8-6014] Unused sequential element D_game_tick_q_reg was removed.  [C:/Users/yourmum/Downloads/fpga-pain/fpga-pain/build/vivado/blank.srcs/sources_1/imports/source/fsm.sv:2495]
WARNING: [Synth 8-6014] Unused sequential element D_buff1_q_reg was removed.  [C:/Users/yourmum/Downloads/fpga-pain/fpga-pain/build/vivado/blank.srcs/sources_1/imports/source/alchitry_top.sv:749]
WARNING: [Synth 8-6014] Unused sequential element D_buff2_q_reg was removed.  [C:/Users/yourmum/Downloads/fpga-pain/fpga-pain/build/vivado/blank.srcs/sources_1/imports/source/alchitry_top.sv:750]
WARNING: [Synth 8-6014] Unused sequential element D_buff3_q_reg was removed.  [C:/Users/yourmum/Downloads/fpga-pain/fpga-pain/build/vivado/blank.srcs/sources_1/imports/source/alchitry_top.sv:751]
WARNING: [Synth 8-6014] Unused sequential element D_buff4_q_reg was removed.  [C:/Users/yourmum/Downloads/fpga-pain/fpga-pain/build/vivado/blank.srcs/sources_1/imports/source/alchitry_top.sv:752]
WARNING: [Synth 8-3917] design alchitry_top has port matgnd[1] driven by constant 0
WARNING: [Synth 8-3917] design alchitry_top has port matgnd[0] driven by constant 0
WARNING: [Synth 8-7129] Port rst in module bram is either unconnected or has no load
WARNING: [Synth 8-7129] Port pac[31] in module fsm is either unconnected or has no load
WARNING: [Synth 8-7129] Port pac[30] in module fsm is either unconnected or has no load
WARNING: [Synth 8-7129] Port pac[29] in module fsm is either unconnected or has no load
WARNING: [Synth 8-7129] Port pac[28] in module fsm is either unconnected or has no load
WARNING: [Synth 8-7129] Port pac[27] in module fsm is either unconnected or has no load
WARNING: [Synth 8-7129] Port pac[26] in module fsm is either unconnected or has no load
WARNING: [Synth 8-7129] Port pac[25] in module fsm is either unconnected or has no load
WARNING: [Synth 8-7129] Port pac[24] in module fsm is either unconnected or has no load
WARNING: [Synth 8-7129] Port pac[23] in module fsm is either unconnected or has no load
WARNING: [Synth 8-7129] Port pac[22] in module fsm is either unconnected or has no load
WARNING: [Synth 8-7129] Port pac[21] in module fsm is either unconnected or has no load
WARNING: [Synth 8-7129] Port pac[20] in module fsm is either unconnected or has no load
WARNING: [Synth 8-7129] Port pac[19] in module fsm is either unconnected or has no load
WARNING: [Synth 8-7129] Port pac[18] in module fsm is either unconnected or has no load
WARNING: [Synth 8-7129] Port pac[17] in module fsm is either unconnected or has no load
WARNING: [Synth 8-7129] Port pac[16] in module fsm is either unconnected or has no load
WARNING: [Synth 8-7129] Port pac[15] in module fsm is either unconnected or has no load
WARNING: [Synth 8-7129] Port pac[14] in module fsm is either unconnected or has no load
WARNING: [Synth 8-7129] Port pac[13] in module fsm is either unconnected or has no load
WARNING: [Synth 8-7129] Port pac[12] in module fsm is either unconnected or has no load
WARNING: [Synth 8-7129] Port pac[11] in module fsm is either unconnected or has no load
WARNING: [Synth 8-7129] Port pac[10] in module fsm is either unconnected or has no load
WARNING: [Synth 8-7129] Port pac[9] in module fsm is either unconnected or has no load
WARNING: [Synth 8-7129] Port pac[8] in module fsm is either unconnected or has no load
WARNING: [Synth 8-7129] Port pac[7] in module fsm is either unconnected or has no load
WARNING: [Synth 8-7129] Port pac[6] in module fsm is either unconnected or has no load
WARNING: [Synth 8-7129] Port pac[5] in module fsm is either unconnected or has no load
WARNING: [Synth 8-7129] Port pac[4] in module fsm is either unconnected or has no load
WARNING: [Synth 8-7129] Port pac[3] in module fsm is either unconnected or has no load
WARNING: [Synth 8-7129] Port pac[2] in module fsm is either unconnected or has no load
WARNING: [Synth 8-7129] Port pac[1] in module fsm is either unconnected or has no load
WARNING: [Synth 8-7129] Port pac[0] in module fsm is either unconnected or has no load
WARNING: [Synth 8-7129] Port pbc[31] in module fsm is either unconnected or has no load
WARNING: [Synth 8-7129] Port pbc[30] in module fsm is either unconnected or has no load
WARNING: [Synth 8-7129] Port pbc[29] in module fsm is either unconnected or has no load
WARNING: [Synth 8-7129] Port pbc[28] in module fsm is either unconnected or has no load
WARNING: [Synth 8-7129] Port pbc[27] in module fsm is either unconnected or has no load
WARNING: [Synth 8-7129] Port pbc[26] in module fsm is either unconnected or has no load
WARNING: [Synth 8-7129] Port pbc[25] in module fsm is either unconnected or has no load
WARNING: [Synth 8-7129] Port pbc[24] in module fsm is either unconnected or has no load
WARNING: [Synth 8-7129] Port pbc[23] in module fsm is either unconnected or has no load
WARNING: [Synth 8-7129] Port pbc[22] in module fsm is either unconnected or has no load
WARNING: [Synth 8-7129] Port pbc[21] in module fsm is either unconnected or has no load
WARNING: [Synth 8-7129] Port pbc[20] in module fsm is either unconnected or has no load
WARNING: [Synth 8-7129] Port pbc[19] in module fsm is either unconnected or has no load
WARNING: [Synth 8-7129] Port pbc[18] in module fsm is either unconnected or has no load
WARNING: [Synth 8-7129] Port pbc[17] in module fsm is either unconnected or has no load
WARNING: [Synth 8-7129] Port pbc[16] in module fsm is either unconnected or has no load
WARNING: [Synth 8-7129] Port pbc[15] in module fsm is either unconnected or has no load
WARNING: [Synth 8-7129] Port pbc[14] in module fsm is either unconnected or has no load
WARNING: [Synth 8-7129] Port pbc[13] in module fsm is either unconnected or has no load
WARNING: [Synth 8-7129] Port pbc[12] in module fsm is either unconnected or has no load
WARNING: [Synth 8-7129] Port pbc[11] in module fsm is either unconnected or has no load
WARNING: [Synth 8-7129] Port pbc[10] in module fsm is either unconnected or has no load
WARNING: [Synth 8-7129] Port pbc[9] in module fsm is either unconnected or has no load
WARNING: [Synth 8-7129] Port pbc[8] in module fsm is either unconnected or has no load
WARNING: [Synth 8-7129] Port pbc[7] in module fsm is either unconnected or has no load
WARNING: [Synth 8-7129] Port pbc[6] in module fsm is either unconnected or has no load
WARNING: [Synth 8-7129] Port pbc[5] in module fsm is either unconnected or has no load
WARNING: [Synth 8-7129] Port pbc[4] in module fsm is either unconnected or has no load
WARNING: [Synth 8-7129] Port pbc[3] in module fsm is either unconnected or has no load
WARNING: [Synth 8-7129] Port pbc[2] in module fsm is either unconnected or has no load
WARNING: [Synth 8-7129] Port pbc[1] in module fsm is either unconnected or has no load
WARNING: [Synth 8-7129] Port pbc[0] in module fsm is either unconnected or has no load
WARNING: [Synth 8-7129] Port timer[31] in module fsm is either unconnected or has no load
WARNING: [Synth 8-7129] Port timer[30] in module fsm is either unconnected or has no load
WARNING: [Synth 8-7129] Port timer[29] in module fsm is either unconnected or has no load
WARNING: [Synth 8-7129] Port timer[28] in module fsm is either unconnected or has no load
WARNING: [Synth 8-7129] Port timer[27] in module fsm is either unconnected or has no load
WARNING: [Synth 8-7129] Port timer[26] in module fsm is either unconnected or has no load
WARNING: [Synth 8-7129] Port timer[25] in module fsm is either unconnected or has no load
WARNING: [Synth 8-7129] Port timer[24] in module fsm is either unconnected or has no load
WARNING: [Synth 8-7129] Port timer[23] in module fsm is either unconnected or has no load
WARNING: [Synth 8-7129] Port timer[22] in module fsm is either unconnected or has no load
WARNING: [Synth 8-7129] Port timer[21] in module fsm is either unconnected or has no load
WARNING: [Synth 8-7129] Port timer[20] in module fsm is either unconnected or has no load
WARNING: [Synth 8-7129] Port timer[19] in module fsm is either unconnected or has no load
WARNING: [Synth 8-7129] Port timer[18] in module fsm is either unconnected or has no load
WARNING: [Synth 8-7129] Port timer[17] in module fsm is either unconnected or has no load
WARNING: [Synth 8-7129] Port timer[16] in module fsm is either unconnected or has no load
WARNING: [Synth 8-7129] Port timer[15] in module fsm is either unconnected or has no load
WARNING: [Synth 8-7129] Port timer[14] in module fsm is either unconnected or has no load
WARNING: [Synth 8-7129] Port timer[13] in module fsm is either unconnected or has no load
WARNING: [Synth 8-7129] Port timer[12] in module fsm is either unconnected or has no load
WARNING: [Synth 8-7129] Port timer[11] in module fsm is either unconnected or has no load
WARNING: [Synth 8-7129] Port timer[10] in module fsm is either unconnected or has no load
WARNING: [Synth 8-7129] Port timer[9] in module fsm is either unconnected or has no load
WARNING: [Synth 8-7129] Port timer[8] in module fsm is either unconnected or has no load
WARNING: [Synth 8-7129] Port timer[7] in module fsm is either unconnected or has no load
WARNING: [Synth 8-7129] Port timer[6] in module fsm is either unconnected or has no load
WARNING: [Synth 8-7129] Port timer[5] in module fsm is either unconnected or has no load
WARNING: [Synth 8-7129] Port timer[4] in module fsm is either unconnected or has no load
WARNING: [Synth 8-7129] Port timer[3] in module fsm is either unconnected or has no load
WARNING: [Synth 8-7129] Port timer[2] in module fsm is either unconnected or has no load
WARNING: [Synth 8-7129] Port timer[1] in module fsm is either unconnected or has no load
WARNING: [Synth 8-7129] Port timer[0] in module fsm is either unconnected or has no load
WARNING: [Synth 8-7129] Port timerclk in module fsm is either unconnected or has no load
WARNING: [Synth 8-7129] Port gameclk in module fsm is either unconnected or has no load
WARNING: [Synth 8-7129] Port rd2[31] in module fsm is either unconnected or has no load
INFO: [Common 17-14] Message 'Synth 8-7129' appears 100 times and further instances of the messages will be disabled. Use the Tcl command set_msg_config to change the current settings.
---------------------------------------------------------------------------------
Finished RTL Elaboration : Time (s): cpu = 00:00:04 ; elapsed = 00:00:04 . Memory (MB): peak = 1107.391 ; gain = 624.102
---------------------------------------------------------------------------------
---------------------------------------------------------------------------------
Start Handling Custom Attributes
---------------------------------------------------------------------------------
---------------------------------------------------------------------------------
Finished Handling Custom Attributes : Time (s): cpu = 00:00:04 ; elapsed = 00:00:04 . Memory (MB): peak = 1107.391 ; gain = 624.102
---------------------------------------------------------------------------------
---------------------------------------------------------------------------------
Finished RTL Optimization Phase 1 : Time (s): cpu = 00:00:04 ; elapsed = 00:00:04 . Memory (MB): peak = 1107.391 ; gain = 624.102
---------------------------------------------------------------------------------
Netlist sorting complete. Time (s): cpu = 00:00:00 ; elapsed = 00:00:00.042 . Memory (MB): peak = 1107.391 ; gain = 0.000
INFO: [Project 1-570] Preparing netlist for logic optimization

Processing XDC Constraints
Initializing timing engine
Parsing XDC File [C:/Users/yourmum/Downloads/fpga-pain/fpga-pain/build/constraint/alchitry.xdc]
Finished Parsing XDC File [C:/Users/yourmum/Downloads/fpga-pain/fpga-pain/build/constraint/alchitry.xdc]
INFO: [Project 1-236] Implementation specific constraints were found while reading constraint file [C:/Users/yourmum/Downloads/fpga-pain/fpga-pain/build/constraint/alchitry.xdc]. These constraints will be ignored for synthesis but will be used in implementation. Impacted constraints are listed in the file [.Xil/alchitry_top_propImpl.xdc].
Resolution: To avoid this warning, move constraints listed in [.Xil/alchitry_top_propImpl.xdc] to another XDC file and exclude this new file from synthesis with the used_in_synthesis property (File Properties dialog in GUI) and re-run elaboration/synthesis.
Parsing XDC File [C:/Users/yourmum/Downloads/fpga-pain/fpga-pain/build/constraint/au_props.xdc]
Finished Parsing XDC File [C:/Users/yourmum/Downloads/fpga-pain/fpga-pain/build/constraint/au_props.xdc]
Completed Processing XDC Constraints

Netlist sorting complete. Time (s): cpu = 00:00:00 ; elapsed = 00:00:00.001 . Memory (MB): peak = 1204.625 ; gain = 0.000
INFO: [Project 1-111] Unisim Transformation Summary:
No Unisim elements were transformed.

Constraint Validation Runtime : Time (s): cpu = 00:00:00 ; elapsed = 00:00:00.009 . Memory (MB): peak = 1204.625 ; gain = 0.000
---------------------------------------------------------------------------------
Finished Constraint Validation : Time (s): cpu = 00:00:08 ; elapsed = 00:00:09 . Memory (MB): peak = 1204.625 ; gain = 721.336
---------------------------------------------------------------------------------
---------------------------------------------------------------------------------
Start Loading Part and Timing Information
---------------------------------------------------------------------------------
Loading part: xc7a35tftg256-1
---------------------------------------------------------------------------------
Finished Loading Part and Timing Information : Time (s): cpu = 00:00:08 ; elapsed = 00:00:09 . Memory (MB): peak = 1204.625 ; gain = 721.336
---------------------------------------------------------------------------------
---------------------------------------------------------------------------------
Start Applying 'set_property' XDC Constraints
---------------------------------------------------------------------------------
---------------------------------------------------------------------------------
Finished applying 'set_property' XDC Constraints : Time (s): cpu = 00:00:08 ; elapsed = 00:00:09 . Memory (MB): peak = 1204.625 ; gain = 721.336
---------------------------------------------------------------------------------
INFO: [Synth 8-802] inferred FSM for state register 'D_states_q_reg' in module 'fsm'
---------------------------------------------------------------------------------
Finished RTL Optimization Phase 2 : Time (s): cpu = 00:00:09 ; elapsed = 00:00:10 . Memory (MB): peak = 1204.625 ; gain = 721.336
---------------------------------------------------------------------------------
---------------------------------------------------------------------------------
Start RTL Component Statistics 
---------------------------------------------------------------------------------
Detailed RTL Component Info : 
+---Adders : 
	   3 Input   14 Bit       Adders := 9     
	   2 Input   13 Bit       Adders := 1     
	   2 Input   12 Bit       Adders := 1     
	   2 Input   11 Bit       Adders := 1     
	   2 Input    7 Bit       Adders := 1     
	   2 Input    5 Bit       Adders := 1     
	   2 Input    4 Bit       Adders := 2     
	   2 Input    2 Bit       Adders := 6     
+---XORs : 
	   2 Input     32 Bit         XORs := 1     
	   3 Input      1 Bit         XORs := 528   
	   2 Input      1 Bit         XORs := 1     
+---Registers : 
	               32 Bit    Registers := 8     
	               13 Bit    Registers := 1     
	               11 Bit    Registers := 1     
	                8 Bit    Registers := 1     
	                7 Bit    Registers := 1     
	                4 Bit    Registers := 4     
	                3 Bit    Registers := 9     
	                2 Bit    Registers := 18    
	                1 Bit    Registers := 7     
+---RAMs : 
	               8K Bit	(4224 X 2 bit)          RAMs := 2     
	                8 Bit	(4 X 2 bit)          RAMs := 3     
+---Muxes : 
	   2 Input   32 Bit        Muxes := 5     
	   4 Input   32 Bit        Muxes := 2     
	   2 Input   14 Bit        Muxes := 9     
	   5 Input   13 Bit        Muxes := 1     
	   2 Input   13 Bit        Muxes := 4     
	 172 Input   13 Bit        Muxes := 2     
	   4 Input   12 Bit        Muxes := 3     
	   2 Input   11 Bit        Muxes := 1     
	 172 Input    8 Bit        Muxes := 2     
	   2 Input    8 Bit        Muxes := 2     
	   3 Input    8 Bit        Muxes := 9     
	   4 Input    8 Bit        Muxes := 9     
	   4 Input    7 Bit        Muxes := 1     
	   2 Input    7 Bit        Muxes := 45    
	 172 Input    6 Bit        Muxes := 1     
	   2 Input    6 Bit        Muxes := 27    
	   2 Input    5 Bit        Muxes := 8     
	   2 Input    4 Bit        Muxes := 8     
	 172 Input    4 Bit        Muxes := 4     
	   4 Input    4 Bit        Muxes := 3     
	   4 Input    3 Bit        Muxes := 1     
	   2 Input    3 Bit        Muxes := 2     
	 172 Input    3 Bit        Muxes := 3     
	   3 Input    2 Bit        Muxes := 1     
	   2 Input    2 Bit        Muxes := 2     
	 172 Input    2 Bit        Muxes := 6     
	   2 Input    1 Bit        Muxes := 525   
	   4 Input    1 Bit        Muxes := 10    
	   5 Input    1 Bit        Muxes := 1     
	   3 Input    1 Bit        Muxes := 1     
	 172 Input    1 Bit        Muxes := 13    
---------------------------------------------------------------------------------
Finished RTL Component Statistics 
---------------------------------------------------------------------------------
---------------------------------------------------------------------------------
Start Part Resource Summary
---------------------------------------------------------------------------------
Part Resources:
DSPs: 90 (col length:60)
BRAMs: 100 (col length: RAMB18 60 RAMB36 30)
---------------------------------------------------------------------------------
Finished Part Resource Summary
---------------------------------------------------------------------------------
---------------------------------------------------------------------------------
Start Cross Boundary and Area Optimization
---------------------------------------------------------------------------------
WARNING: [Synth 8-7080] Parallel synthesis criteria is not met
WARNING: [Synth 8-3917] design alchitry_top has port matgnd[1] driven by constant 0
WARNING: [Synth 8-3917] design alchitry_top has port matgnd[0] driven by constant 0
---------------------------------------------------------------------------------
Finished Cross Boundary and Area Optimization : Time (s): cpu = 00:00:23 ; elapsed = 00:00:24 . Memory (MB): peak = 1349.609 ; gain = 866.320
---------------------------------------------------------------------------------
---------------------------------------------------------------------------------
Start ROM, RAM, DSP, Shift Register and Retiming Reporting
---------------------------------------------------------------------------------

Block RAM: Preliminary Mapping Report (see note below)
+------------+---------------+------------------------+---+---+------------------------+---+---+------------------+--------+--------+
|Module Name | RTL Object    | PORT A (Depth x Width) | W | R | PORT B (Depth x Width) | W | R | Ports driving FF | RAMB18 | RAMB36 | 
+------------+---------------+------------------------+---+---+------------------------+---+---+------------------+--------+--------+
|brams       | bram1/ram_reg | 4 K x 2(READ_FIRST)    | W | R |                        |   |   | Port A           | 1      | 0      | 
|brams       | bram2/ram_reg | 4 K x 2(READ_FIRST)    | W | R |                        |   |   | Port A           | 1      | 0      | 
+------------+---------------+------------------------+---+---+------------------------+---+---+------------------+--------+--------+

Note: The table above is a preliminary report that shows the Block RAMs at the current stage of the synthesis flow. Some Block RAMs may be reimplemented as non Block RAM primitives later in the synthesis flow. Multiple instantiated Block RAMs are reported only once. 

Distributed RAM: Preliminary Mapping Report (see note below)
+-------------+-----------------+-----------+----------------------+---------------+
|Module Name  | RTL Object      | Inference | Size (Depth x Width) | Primitives    | 
+-------------+-----------------+-----------+----------------------+---------------+
|alchitry_top | sr1/ram/mem_reg | Implied   | 4 x 2                | RAM16X1D x 2  | 
|alchitry_top | sr2/ram/mem_reg | Implied   | 4 x 2                | RAM16X1D x 2  | 
|alchitry_top | sr3/ram/mem_reg | Implied   | 4 x 2                | RAM16X1D x 2  | 
+-------------+-----------------+-----------+----------------------+---------------+

Note: The table above is a preliminary report that shows the Distributed RAMs at the current stage of the synthesis flow. Some Distributed RAMs may be reimplemented as non Distributed RAM primitives later in the synthesis flow. Multiple instantiated RAMs are reported only once.
---------------------------------------------------------------------------------
Finished ROM, RAM, DSP, Shift Register and Retiming Reporting
---------------------------------------------------------------------------------
---------------------------------------------------------------------------------
Start Applying XDC Timing Constraints
---------------------------------------------------------------------------------
---------------------------------------------------------------------------------
Finished Applying XDC Timing Constraints : Time (s): cpu = 00:00:26 ; elapsed = 00:00:27 . Memory (MB): peak = 1349.609 ; gain = 866.320
---------------------------------------------------------------------------------
---------------------------------------------------------------------------------
Start Timing Optimization
---------------------------------------------------------------------------------
---------------------------------------------------------------------------------
Finished Timing Optimization : Time (s): cpu = 00:00:30 ; elapsed = 00:00:32 . Memory (MB): peak = 1406.008 ; gain = 922.719
---------------------------------------------------------------------------------
---------------------------------------------------------------------------------
Start ROM, RAM, DSP, Shift Register and Retiming Reporting
---------------------------------------------------------------------------------

Block RAM: Final Mapping Report
+------------+---------------+------------------------+---+---+------------------------+---+---+------------------+--------+--------+
|Module Name | RTL Object    | PORT A (Depth x Width) | W | R | PORT B (Depth x Width) | W | R | Ports driving FF | RAMB18 | RAMB36 | 
+------------+---------------+------------------------+---+---+------------------------+---+---+------------------+--------+--------+
|brams       | bram1/ram_reg | 4 K x 2(READ_FIRST)    | W | R |                        |   |   | Port A           | 1      | 0      | 
|brams       | bram2/ram_reg | 4 K x 2(READ_FIRST)    | W | R |                        |   |   | Port A           | 1      | 0      | 
+------------+---------------+------------------------+---+---+------------------------+---+---+------------------+--------+--------+


Distributed RAM: Final Mapping Report
+-------------+-----------------+-----------+----------------------+---------------+
|Module Name  | RTL Object      | Inference | Size (Depth x Width) | Primitives    | 
+-------------+-----------------+-----------+----------------------+---------------+
|alchitry_top | sr1/ram/mem_reg | Implied   | 4 x 2                | RAM16X1D x 2  | 
|alchitry_top | sr2/ram/mem_reg | Implied   | 4 x 2                | RAM16X1D x 2  | 
|alchitry_top | sr3/ram/mem_reg | Implied   | 4 x 2                | RAM16X1D x 2  | 
+-------------+-----------------+-----------+----------------------+---------------+

---------------------------------------------------------------------------------
Finished ROM, RAM, DSP, Shift Register and Retiming Reporting
---------------------------------------------------------------------------------
---------------------------------------------------------------------------------
Start Technology Mapping
---------------------------------------------------------------------------------
INFO: [Synth 8-7052] The timing for the instance brams/bram1/ram_reg (implemented as a Block RAM) might be sub-optimal as no optional output register could be merged into the ram block. Providing additional output register may help in improving timing.
INFO: [Synth 8-7052] The timing for the instance brams/bram2/ram_reg (implemented as a Block RAM) might be sub-optimal as no optional output register could be merged into the ram block. Providing additional output register may help in improving timing.
---------------------------------------------------------------------------------
Finished Technology Mapping : Time (s): cpu = 00:00:31 ; elapsed = 00:00:33 . Memory (MB): peak = 1459.445 ; gain = 976.156
---------------------------------------------------------------------------------
---------------------------------------------------------------------------------
Start IO Insertion
---------------------------------------------------------------------------------
---------------------------------------------------------------------------------
Start Flattening Before IO Insertion
---------------------------------------------------------------------------------
---------------------------------------------------------------------------------
Finished Flattening Before IO Insertion
---------------------------------------------------------------------------------
---------------------------------------------------------------------------------
Start Final Netlist Cleanup
---------------------------------------------------------------------------------
---------------------------------------------------------------------------------
Finished Final Netlist Cleanup
---------------------------------------------------------------------------------
---------------------------------------------------------------------------------
Finished IO Insertion : Time (s): cpu = 00:00:33 ; elapsed = 00:00:35 . Memory (MB): peak = 1552.551 ; gain = 1069.262
---------------------------------------------------------------------------------
---------------------------------------------------------------------------------
Start Renaming Generated Instances
---------------------------------------------------------------------------------
---------------------------------------------------------------------------------
Finished Renaming Generated Instances : Time (s): cpu = 00:00:33 ; elapsed = 00:00:35 . Memory (MB): peak = 1552.551 ; gain = 1069.262
---------------------------------------------------------------------------------
---------------------------------------------------------------------------------
Start Rebuilding User Hierarchy
---------------------------------------------------------------------------------
---------------------------------------------------------------------------------
Finished Rebuilding User Hierarchy : Time (s): cpu = 00:00:33 ; elapsed = 00:00:35 . Memory (MB): peak = 1552.551 ; gain = 1069.262
---------------------------------------------------------------------------------
---------------------------------------------------------------------------------
Start Renaming Generated Ports
---------------------------------------------------------------------------------
---------------------------------------------------------------------------------
Finished Renaming Generated Ports : Time (s): cpu = 00:00:33 ; elapsed = 00:00:35 . Memory (MB): peak = 1552.551 ; gain = 1069.262
---------------------------------------------------------------------------------
---------------------------------------------------------------------------------
Start Handling Custom Attributes
---------------------------------------------------------------------------------
---------------------------------------------------------------------------------
Finished Handling Custom Attributes : Time (s): cpu = 00:00:33 ; elapsed = 00:00:35 . Memory (MB): peak = 1554.500 ; gain = 1071.211
---------------------------------------------------------------------------------
---------------------------------------------------------------------------------
Start Renaming Generated Nets
---------------------------------------------------------------------------------
---------------------------------------------------------------------------------
Finished Renaming Generated Nets : Time (s): cpu = 00:00:33 ; elapsed = 00:00:35 . Memory (MB): peak = 1554.500 ; gain = 1071.211
---------------------------------------------------------------------------------
---------------------------------------------------------------------------------
Start Writing Synthesis Report
---------------------------------------------------------------------------------

Report BlackBoxes: 
+-+--------------+----------+
| |BlackBox name |Instances |
+-+--------------+----------+
+-+--------------+----------+

Report Cell Usage: 
+------+---------+------+
|      |Cell     |Count |
+------+---------+------+
|1     |BUFG     |     1|
|2     |CARRY4   |    83|
|3     |LUT1     |    22|
|4     |LUT2     |   270|
|5     |LUT3     |   279|
|6     |LUT4     |   286|
|7     |LUT5     |   310|
|8     |LUT6     |  1041|
|9     |MUXF7    |    32|
|10    |RAM16X1D |     6|
|11    |RAMB18E1 |     2|
|12    |FDPE     |     8|
|13    |FDRE     |   531|
|14    |FDSE     |     9|
|15    |IBUF     |    10|
|16    |OBUF     |    69|
+------+---------+------+
---------------------------------------------------------------------------------
Finished Writing Synthesis Report : Time (s): cpu = 00:00:33 ; elapsed = 00:00:35 . Memory (MB): peak = 1554.500 ; gain = 1071.211
---------------------------------------------------------------------------------
Synthesis finished with 0 errors, 0 critical warnings and 134 warnings.
Synthesis Optimization Runtime : Time (s): cpu = 00:00:28 ; elapsed = 00:00:34 . Memory (MB): peak = 1554.500 ; gain = 973.977
Synthesis Optimization Complete : Time (s): cpu = 00:00:33 ; elapsed = 00:00:35 . Memory (MB): peak = 1554.500 ; gain = 1071.211
INFO: [Project 1-571] Translating synthesized netlist
Netlist sorting complete. Time (s): cpu = 00:00:01 ; elapsed = 00:00:00.013 . Memory (MB): peak = 1563.719 ; gain = 0.000
INFO: [Netlist 29-17] Analyzing 123 Unisim elements for replacement
INFO: [Netlist 29-28] Unisim Transformation completed in 0 CPU seconds
INFO: [Project 1-570] Preparing netlist for logic optimization
INFO: [Opt 31-138] Pushed 0 inverter(s) to 0 load pin(s).
Netlist sorting complete. Time (s): cpu = 00:00:00 ; elapsed = 00:00:00 . Memory (MB): peak = 1567.406 ; gain = 0.000
INFO: [Project 1-111] Unisim Transformation Summary:
  A total of 6 instances were transformed.
  RAM16X1D => RAM32X1D (RAMD32(x2)): 6 instances

Synth Design complete | Checksum: 9ccaeda4
INFO: [Common 17-83] Releasing license: Synthesis
133 Infos, 111 Warnings, 0 Critical Warnings and 0 Errors encountered.
synth_design completed successfully
synth_design: Time (s): cpu = 00:00:35 ; elapsed = 00:00:38 . Memory (MB): peak = 1567.406 ; gain = 1281.805
Write ShapeDB Complete: Time (s): cpu = 00:00:00 ; elapsed = 00:00:00.003 . Memory (MB): peak = 1567.406 ; gain = 0.000
INFO: [Common 17-1381] The checkpoint 'C:/Users/yourmum/Downloads/fpga-pain/fpga-pain/build/vivado/blank.runs/synth_1/alchitry_top.dcp' has been generated.
INFO: [Vivado 12-24828] Executing command : report_utilization -file alchitry_top_utilization_synth.rpt -pb alchitry_top_utilization_synth.pb
INFO: [Common 17-206] Exiting Vivado at Fri Apr 11 03:42:03 2025...
