#-----------------------------------------------------------
# Vivado v2024.2 (64-bit)
# SW Build 5239630 on Fri Nov 08 22:35:27 MST 2024
# IP Build 5239520 on Sun Nov 10 16:12:51 MST 2024
# SharedData Build 5239561 on Fri Nov 08 14:39:27 MST 2024
# Start of session at: Sun Apr 13 11:24:03 2025
# Process ID         : 26984
# Current directory  : C:/Users/yourmum/Downloads/fpga-pain/fpga-pain/build/vivado
# Command line       : vivado.exe -gui_launcher_event rodinguilauncherevent34276 C:\Users\yourmum\Downloads\fpga-pain\fpga-pain\build\vivado\blank.xpr
# Log file           : C:/Users/yourmum/Downloads/fpga-pain/fpga-pain/build/vivado/vivado.log
# Journal file       : C:/Users/yourmum/Downloads/fpga-pain/fpga-pain/build/vivado\vivado.jou
# Running On         : PC
# Platform           : Windows Server 2016 or Windows 10
# Operating System   : 26100
# Processor Detail   : AMD Ryzen 9 9900X 12-Core Processor            
# CPU Frequency      : 4392 MHz
# CPU Physical cores : 12
# CPU Logical cores  : 24
# Host memory        : 66125 MB
# Swap memory        : 4160 MB
# Total Virtual      : 70286 MB
# Available Virtual  : 43689 MB
#-----------------------------------------------------------
start_gui
open_project C:/Users/yourmum/Downloads/fpga-pain/fpga-pain/build/vivado/blank.xpr
INFO: [filemgmt 56-3] Default IP Output Path : Could not find the directory 'C:/Users/yourmum/Downloads/fpga-pain/fpga-pain/build/vivado/blank.gen/sources_1'.
Scanning sources...
Finished scanning sources
INFO: [IP_Flow 19-234] Refreshing IP repositories
INFO: [IP_Flow 19-1704] No user IP repositories specified
INFO: [IP_Flow 19-2313] Loaded Vivado IP repository 'C:/Xilinx/Vivado/2024.2/data/ip'.
update_compile_order -fileset sources_1
open_run impl_1
INFO: [Device 21-403] Loading part xc7a35tftg256-1
Netlist sorting complete. Time (s): cpu = 00:00:00 ; elapsed = 00:00:00.007 . Memory (MB): peak = 1360.469 ; gain = 0.000
INFO: [Netlist 29-17] Analyzing 101 Unisim elements for replacement
INFO: [Netlist 29-28] Unisim Transformation completed in 0 CPU seconds
INFO: [Project 1-479] Netlist was created with Vivado 2024.2
INFO: [Project 1-570] Preparing netlist for logic optimization
Read ShapeDB Complete: Time (s): cpu = 00:00:00 ; elapsed = 00:00:00.004 . Memory (MB): peak = 1450.441 ; gain = 0.461
INFO: [Timing 38-478] Restoring timing data from binary archive.
INFO: [Timing 38-479] Binary timing data restore complete.
INFO: [Project 1-856] Restoring constraints from binary archive.
INFO: [Project 1-853] Binary constraint restore complete.
INFO: [Designutils 20-5722] Start Reading Physical Databases.
Reading placement.
Read Netlist Cache: Time (s): cpu = 00:00:00 ; elapsed = 00:00:00.001 . Memory (MB): peak = 2053.258 ; gain = 0.000
Reading placer database...
Read Device Cache: Time (s): cpu = 00:00:00 ; elapsed = 00:00:00.004 . Memory (MB): peak = 2053.258 ; gain = 0.000
Read PlaceDB: Time (s): cpu = 00:00:00 ; elapsed = 00:00:00.041 . Memory (MB): peak = 2053.258 ; gain = 0.000
Read PulsedLatchDB: Time (s): cpu = 00:00:00 ; elapsed = 00:00:00 . Memory (MB): peak = 2053.258 ; gain = 0.000
Reading routing.
Read RouteStorage: Time (s): cpu = 00:00:00 ; elapsed = 00:00:00.016 . Memory (MB): peak = 2053.258 ; gain = 0.000
Read Physdb Files: Time (s): cpu = 00:00:00 ; elapsed = 00:00:00.068 . Memory (MB): peak = 2053.258 ; gain = 0.000
Restored from archive | CPU: 0.000000 secs | Memory: 0.000000 MB |
Finished XDEF File Restore: Time (s): cpu = 00:00:00 ; elapsed = 00:00:00.068 . Memory (MB): peak = 2053.258 ; gain = 0.000
Netlist sorting complete. Time (s): cpu = 00:00:00 ; elapsed = 00:00:00 . Memory (MB): peak = 2053.258 ; gain = 0.000
INFO: [Project 1-111] Unisim Transformation Summary:
  A total of 6 instances were transformed.
  RAM16X1D => RAM32X1D (RAMD32(x2)): 6 instances

open_run: Time (s): cpu = 00:00:10 ; elapsed = 00:00:08 . Memory (MB): peak = 2421.184 ; gain = 1230.535
CRITICAL WARNING: [Timing 38-282] The design failed to meet the timing requirements. Please see the timing summary report for details on the timing violations.
phys_opt_design -directive AggressiveExplore
Command: phys_opt_design -directive AggressiveExplore
Attempting to get a license for feature 'Implementation' and/or device 'xc7a35t'
INFO: [Common 17-349] Got license for feature 'Implementation' and/or device 'xc7a35t'
INFO: [Vivado_Tcl 4-241] Physical synthesis in post route mode 
INFO: [Vivado_Tcl 4-137] Directive used for phys_opt_design is: AggressiveExplore

Starting Initial Update Timing Task

Time (s): cpu = 00:00:01 ; elapsed = 00:00:00.133 . Memory (MB): peak = 3500.148 ; gain = 0.000
INFO: [Vivado_Tcl 4-1435] PhysOpt_Tcl_Interface Runtime Before Starting Physical Synthesis Task | CPU: 1.00s |  WALL: 0.15s
Netlist sorting complete. Time (s): cpu = 00:00:00 ; elapsed = 00:00:00 . Memory (MB): peak = 3500.148 ; gain = 0.000

Starting Physical Synthesis Task

Phase 1 Physical Synthesis Initialization
INFO: [Physopt 32-721] Multithreading enabled for phys_opt_design using a maximum of 2 CPUs
INFO: [Physopt 32-668] Current Timing Summary | WNS=-0.556 | TNS=-4.776 | WHS=0.024 | THS=0.000 |
Phase 1 Physical Synthesis Initialization | Checksum: 2d0c72246

Time (s): cpu = 00:00:00 ; elapsed = 00:00:00.072 . Memory (MB): peak = 3500.148 ; gain = 0.000
WARNING: [Physopt 32-745] Physical Optimization has determined that the magnitude of the negative slack is too large and it is highly unlikely that slack will be improved. Post-Route Physical Optimization is most effective when WNS is above -0.5ns

Phase 2 Critical Path Optimization
INFO: [Physopt 32-668] Current Timing Summary | WNS=-0.556 | TNS=-4.776 | WHS=0.024 | THS=0.000 |
INFO: [Physopt 32-953] Path group WNS did not improve. Path group: clk_0. Processed net: brams/bram2/ram_reg_0[0].
INFO: [Physopt 32-703] Processed net sm/Q[0]. Clock skew was adjusted for instance sm/D_states_q_reg[7].
INFO: [Physopt 32-952] Improved path group WNS = -0.514. Path group: clk_0. Processed net: sm/Q[0].
INFO: [Physopt 32-703] Processed net sm/D_states_q[2]. Clock skew was adjusted for instance sm/D_states_q_reg[2].
INFO: [Physopt 32-952] Improved path group WNS = -0.411. Path group: clk_0. Processed net: sm/D_states_q[2].
INFO: [Physopt 32-703] Processed net sm/Q[0]. Clock skew was adjusted for instance sm/D_states_q_reg[7].
INFO: [Physopt 32-952] Improved path group WNS = -0.369. Path group: clk_0. Processed net: sm/Q[0].
INFO: [Physopt 32-703] Processed net sm/D_states_q[2]. Clock skew was adjusted for instance sm/D_states_q_reg[2].
INFO: [Physopt 32-952] Improved path group WNS = -0.366. Path group: clk_0. Processed net: sm/D_states_q[2].
INFO: [Physopt 32-703] Processed net sm/p_2_in. Clock skew was adjusted for instance sm/D_alu_buffer_q_reg[1].
INFO: [Physopt 32-952] Improved path group WNS = -0.366. Path group: clk_0. Processed net: sm/p_2_in.
INFO: [Physopt 32-703] Processed net sm/D_states_q_reg[6]_rep_n_0. Clock skew was adjusted for instance sm/D_states_q_reg[6]_rep.
INFO: [Physopt 32-952] Improved path group WNS = -0.357. Path group: clk_0. Processed net: sm/D_states_q_reg[6]_rep_n_0.
INFO: [Physopt 32-953] Path group WNS did not improve. Path group: clk_0. Processed net: sm/D_states_q_reg[5]_rep_0.
INFO: [Physopt 32-953] Path group WNS did not improve. Path group: clk_0. Processed net: sm/M_alum_out[0].
INFO: [Physopt 32-953] Path group WNS did not improve. Path group: clk_0. Processed net: sm/D_alu_buffer_q[0]_i_4_n_0.
INFO: [Physopt 32-953] Path group WNS did not improve. Path group: clk_0. Processed net: sm/alum/data5.
INFO: [Physopt 32-608] Optimized 1 net.  Swapped 20 pins.
INFO: [Physopt 32-952] Improved path group WNS = -0.346. Path group: clk_0. Processed net: sm/D_alu_buffer_q[0]_i_14_n_0.
INFO: [Physopt 32-703] Processed net sm/D_states_q[2]. Clock skew was adjusted for instance sm/D_states_q_reg[2].
INFO: [Physopt 32-952] Improved path group WNS = -0.339. Path group: clk_0. Processed net: sm/D_states_q[2].
INFO: [Physopt 32-953] Path group WNS did not improve. Path group: clk_0. Processed net: sm/D_states_q[2].
INFO: [Physopt 32-953] Path group WNS did not improve. Path group: clk_0. Processed net: L_reg/D_alu_buffer_q[0]_i_10_0[0].
INFO: [Physopt 32-608] Optimized 1 net.  Swapped 25 pins.
INFO: [Physopt 32-952] Improved path group WNS = -0.326. Path group: clk_0. Processed net: L_reg/D_alu_buffer_q[0]_i_24_n_0.
INFO: [Physopt 32-953] Path group WNS did not improve. Path group: clk_0. Processed net: sm/alum/data6.
INFO: [Physopt 32-953] Path group WNS did not improve. Path group: clk_0. Processed net: sm/D_alu_buffer_q[0]_i_29_n_0.
INFO: [Physopt 32-608] Optimized 1 net.  Swapped 20 pins.
INFO: [Physopt 32-952] Improved path group WNS = -0.253. Path group: clk_0. Processed net: sm/M_alum_a[3].
INFO: [Physopt 32-953] Path group WNS did not improve. Path group: clk_0. Processed net: L_reg/D_alu_buffer_q[0]_i_24_n_0.
INFO: [Physopt 32-953] Path group WNS did not improve. Path group: clk_0. Processed net: sm/D_alu_buffer_q_reg[1]_0[6].
INFO: [Physopt 32-953] Path group WNS did not improve. Path group: clk_0. Processed net: L_reg/M_sm_rd2[8].
INFO: [Physopt 32-953] Path group WNS did not improve. Path group: clk_0. Processed net: sm/M_sm_ra2[0].
INFO: [Physopt 32-953] Path group WNS did not improve. Path group: clk_0. Processed net: sm/ram_reg_i_297_n_0.
INFO: [Physopt 32-953] Path group WNS did not improve. Path group: clk_0. Processed net: sm/ram_reg_i_318_n_0.
INFO: [Physopt 32-953] Path group WNS did not improve. Path group: clk_0. Processed net: sm/ram_reg_i_310_n_0.
INFO: [Physopt 32-953] Path group WNS did not improve. Path group: clk_0. Processed net: sm/D_bram_addr_q_reg[5][0].
INFO: [Physopt 32-953] Path group WNS did not improve. Path group: clk_0. Processed net: clk_IBUF.
INFO: [Physopt 32-953] Path group WNS did not improve. Path group: clk_0. Processed net: brams/bram2/ram_reg_0[0].
INFO: [Physopt 32-953] Path group WNS did not improve. Path group: clk_0. Processed net: sm/D_states_q[2].
INFO: [Physopt 32-953] Path group WNS did not improve. Path group: clk_0. Processed net: sm/M_alum_out[0].
INFO: [Physopt 32-953] Path group WNS did not improve. Path group: clk_0. Processed net: sm/D_alu_buffer_q[0]_i_4_n_0.
INFO: [Physopt 32-953] Path group WNS did not improve. Path group: clk_0. Processed net: L_reg/D_alu_buffer_q[0]_i_10_0[0].
INFO: [Physopt 32-953] Path group WNS did not improve. Path group: clk_0. Processed net: L_reg/D_alu_buffer_q[0]_i_24_n_0.
INFO: [Physopt 32-953] Path group WNS did not improve. Path group: clk_0. Processed net: sm/D_alu_buffer_q_reg[1]_0[6].
INFO: [Physopt 32-953] Path group WNS did not improve. Path group: clk_0. Processed net: L_reg/M_sm_rd2[8].
INFO: [Physopt 32-953] Path group WNS did not improve. Path group: clk_0. Processed net: sm/M_sm_ra2[0].
INFO: [Physopt 32-953] Path group WNS did not improve. Path group: clk_0. Processed net: sm/ram_reg_i_297_n_0.
INFO: [Physopt 32-953] Path group WNS did not improve. Path group: clk_0. Processed net: sm/ram_reg_i_318_n_0.
INFO: [Physopt 32-953] Path group WNS did not improve. Path group: clk_0. Processed net: sm/ram_reg_i_310_n_0.
INFO: [Physopt 32-953] Path group WNS did not improve. Path group: clk_0. Processed net: sm/D_bram_addr_q_reg[5][0].
INFO: [Physopt 32-953] Path group WNS did not improve. Path group: clk_0. Processed net: clk_IBUF.
INFO: [Physopt 32-668] Current Timing Summary | WNS=-0.253 | TNS=-1.020 | WHS=0.024 | THS=0.000 |
Netlist sorting complete. Time (s): cpu = 00:00:00 ; elapsed = 00:00:00.001 . Memory (MB): peak = 3500.148 ; gain = 0.000
Phase 2 Critical Path Optimization | Checksum: 2d0c72246

Time (s): cpu = 00:00:18 ; elapsed = 00:00:14 . Memory (MB): peak = 3500.148 ; gain = 0.000

Phase 3 Hold Fix Optimization
INFO: [Physopt 32-668] Current Timing Summary | WNS=-0.253 | TNS=-1.020 | WHS=0.024 | THS=0.000 |
INFO: [Physopt 32-45] Identified 0 candidate net for hold slack optimization.
INFO: [Physopt 32-234] Optimized 0 nets. Inserted 0 new ZHOLD_DELAYs. Calibrated 0 existing ZHOLD_DELAYs. Inserted 0 buffers.

INFO: [Physopt 32-668] Current Timing Summary | WNS=-0.253 | TNS=-1.020 | WHS=0.024 | THS=0.000 |
Phase 3 Hold Fix Optimization | Checksum: 2d0c72246

Time (s): cpu = 00:00:18 ; elapsed = 00:00:14 . Memory (MB): peak = 3500.148 ; gain = 0.000
Netlist sorting complete. Time (s): cpu = 00:00:00 ; elapsed = 00:00:00 . Memory (MB): peak = 3500.148 ; gain = 0.000
INFO: [Physopt 32-669] Post Physical Optimization Timing Summary | WNS=-0.253 | TNS=-1.020 | WHS=0.024 | THS=0.000 |

Summary of Physical Synthesis Optimizations
============================================


-------------------------------------------------------------------------------------------------------------------------------------------------------------
|  Optimization   |  WNS Gain (ns)  |  TNS Gain (ns)  |  Added Cells  |  Removed Cells  |  Optimized Cells/Nets  |  Dont Touch  |  Iterations  |  Elapsed   |
-------------------------------------------------------------------------------------------------------------------------------------------------------------
|  Critical Path  |          0.303  |          3.756  |            0  |              0  |                    10  |           0  |           1  |  00:00:14  |
-------------------------------------------------------------------------------------------------------------------------------------------------------------


Summary of Hold Fix Optimizations
=================================


--------------------------------------------------------------------------------------------------------------------------------------------------------------
|  Optimization               |  WHS Gain (ns)  |  THS Gain (ns)  |  Added LUTs  |  Added FFs  |  Optimized Nets  |  Dont Touch  |  Iterations  |  Elapsed   |
--------------------------------------------------------------------------------------------------------------------------------------------------------------
|  LUT1 and ZHOLD Insertion   |          0.000  |          0.000  |           0  |          0  |               0  |           0  |           0  |  00:00:00  |
|  Total                      |          0.000  |          0.000  |           0  |          0  |               0  |           0  |           0  |  00:00:00  |
--------------------------------------------------------------------------------------------------------------------------------------------------------------


Netlist sorting complete. Time (s): cpu = 00:00:00 ; elapsed = 00:00:00 . Memory (MB): peak = 3500.148 ; gain = 0.000
Ending Physical Synthesis Task | Checksum: 2b113f4cf

Time (s): cpu = 00:00:18 ; elapsed = 00:00:14 . Memory (MB): peak = 3500.148 ; gain = 0.000
INFO: [Common 17-83] Releasing license: Implementation
66 Infos, 1 Warnings, 0 Critical Warnings and 0 Errors encountered.
phys_opt_design completed successfully
phys_opt_design: Time (s): cpu = 00:00:19 ; elapsed = 00:00:14 . Memory (MB): peak = 3500.148 ; gain = 0.000
